# JRE version: Java(TM) SE Runtime Environment (8.0_191-b12) (build 1.8.0_191-b12)
# Java VM: Java HotSpot(TM) 64-Bit Server VM (25.191-b12 mixed mode linux-amd64 compressed oops)
Heap:
 PSYoungGen      total 314880K, used 202049K [0x000000076cb00000, 0x0000000783e80000, 0x00000007c0000000)
  eden space 264704K, 60% used [0x000000076cb00000,0x000000077673a5c8,0x000000077cd80000)
  from space 50176K, 83% used [0x0000000780d80000,0x0000000783695f30,0x0000000783e80000)
  to   space 57856K, 0% used [0x000000077cd80000,0x000000077cd80000,0x0000000780600000)
 ParOldGen       total 178176K, used 44408K [0x00000006c6000000, 0x00000006d0e00000, 0x000000076cb00000)
  object space 178176K, 24% used [0x00000006c6000000,0x00000006c8b5e2c8,0x00000006d0e00000)
 Metaspace       used 41710K, capacity 42574K, committed 42840K, reserved 1087488K
  class space    used 5212K, capacity 5415K, committed 5504K, reserved 1048576K
GC Heap History (10 events):
Event: 1.513 GC heap before
{Heap before GC invocations=6 (full 1):
 PSYoungGen      total 119808K, used 44819K [0x000000076cb00000, 0x0000000775c00000, 0x00000007c0000000)
  eden space 110592K, 32% used [0x000000076cb00000,0x000000076ee20418,0x0000000773700000)
  from space 9216K, 96% used [0x0000000775300000,0x0000000775ba4b80,0x0000000775c00000)
  to   space 10240K, 0% used [0x0000000774800000,0x0000000774800000,0x0000000775200000)
 ParOldGen       total 148992K, used 36419K [0x00000006c6000000, 0x00000006cf180000, 0x000000076cb00000)
  object space 148992K, 24% used [0x00000006c6000000,0x00000006c8390e68,0x00000006cf180000)
 Metaspace       used 34671K, capacity 35296K, committed 35416K, reserved 1079296K
  class space    used 4529K, capacity 4697K, committed 4736K, reserved 1048576K
Event: 1.517 GC heap after
Heap after GC invocations=6 (full 1):
 PSYoungGen      total 138240K, used 8858K [0x000000076cb00000, 0x000000077cd00000, 0x00000007c0000000)
  eden space 128000K, 0% used [0x000000076cb00000,0x000000076cb00000,0x0000000774800000)
  from space 10240K, 86% used [0x0000000774800000,0x00000007750a6a18,0x0000000775200000)
  to   space 40448K, 0% used [0x000000077a580000,0x000000077a580000,0x000000077cd00000)
 ParOldGen       total 148992K, used 36427K [0x00000006c6000000, 0x00000006cf180000, 0x000000076cb00000)
  object space 148992K, 24% used [0x00000006c6000000,0x00000006c8392e68,0x00000006cf180000)
 Metaspace       used 34671K, capacity 35296K, committed 35416K, reserved 1079296K
  class space    used 4529K, capacity 4697K, committed 4736K, reserved 1048576K
}
Event: 1.517 GC heap before
{Heap before GC invocations=7 (full 2):
 PSYoungGen      total 138240K, used 8858K [0x000000076cb00000, 0x000000077cd00000, 0x00000007c0000000)
  eden space 128000K, 0% used [0x000000076cb00000,0x000000076cb00000,0x0000000774800000)
  from space 10240K, 86% used [0x0000000774800000,0x00000007750a6a18,0x0000000775200000)
  to   space 40448K, 0% used [0x000000077a580000,0x000000077a580000,0x000000077cd00000)
 ParOldGen       total 148992K, used 36427K [0x00000006c6000000, 0x00000006cf180000, 0x000000076cb00000)
  object space 148992K, 24% used [0x00000006c6000000,0x00000006c8392e68,0x00000006cf180000)
 Metaspace       used 34671K, capacity 35296K, committed 35416K, reserved 1079296K
  class space    used 4529K, capacity 4697K, committed 4736K, reserved 1048576K
Event: 1.566 GC heap after
Heap after GC invocations=7 (full 2):
 PSYoungGen      total 138240K, used 0K [0x000000076cb00000, 0x000000077cd00000, 0x00000007c0000000)
  eden space 128000K, 0% used [0x000000076cb00000,0x000000076cb00000,0x0000000774800000)
  from space 10240K, 0% used [0x0000000774800000,0x0000000774800000,0x0000000775200000)
  to   space 40448K, 0% used [0x000000077a580000,0x000000077a580000,0x000000077cd00000)
 ParOldGen       total 178176K, used 44384K [0x00000006c6000000, 0x00000006d0e00000, 0x000000076cb00000)
  object space 178176K, 24% used [0x00000006c6000000,0x00000006c8b582c8,0x00000006d0e00000)
 Metaspace       used 34671K, capacity 35296K, committed 35416K, reserved 1079296K
  class space    used 4529K, capacity 4697K, committed 4736K, reserved 1048576K
}
Event: 61.768 GC heap before
{Heap before GC invocations=8 (full 2):
 PSYoungGen      total 138240K, used 128000K [0x000000076cb00000, 0x000000077cd00000, 0x00000007c0000000)
  eden space 128000K, 100% used [0x000000076cb00000,0x0000000774800000,0x0000000774800000)
  from space 10240K, 0% used [0x0000000774800000,0x0000000774800000,0x0000000775200000)
  to   space 40448K, 0% used [0x000000077a580000,0x000000077a580000,0x000000077cd00000)
 ParOldGen       total 178176K, used 44384K [0x00000006c6000000, 0x00000006d0e00000, 0x000000076cb00000)
  object space 178176K, 24% used [0x00000006c6000000,0x00000006c8b582c8,0x00000006d0e00000)
 Metaspace       used 40477K, capacity 41298K, committed 41688K, reserved 1085440K
  class space    used 5067K, capacity 5273K, committed 5376K, reserved 1048576K
Event: 61.774 GC heap after
Heap after GC invocations=8 (full 2):
 PSYoungGen      total 220160K, used 29107K [0x000000076cb00000, 0x000000077eb00000, 0x00000007c0000000)
  eden space 179712K, 0% used [0x000000076cb00000,0x000000076cb00000,0x0000000777a80000)
  from space 40448K, 71% used [0x000000077a580000,0x000000077c1ecc00,0x000000077cd00000)
  to   space 44032K, 0% used [0x0000000777a80000,0x0000000777a80000,0x000000077a580000)
 ParOldGen       total 178176K, used 44392K [0x00000006c6000000, 0x00000006d0e00000, 0x000000076cb00000)
  object space 178176K, 24% used [0x00000006c6000000,0x00000006c8b5a2c8,0x00000006d0e00000)
 Metaspace       used 40477K, capacity 41298K, committed 41688K, reserved 1085440K
  class space    used 5067K, capacity 5273K, committed 5376K, reserved 1048576K
}
Event: 1161.598 GC heap before
{Heap before GC invocations=9 (full 2):
 PSYoungGen      total 220160K, used 208819K [0x000000076cb00000, 0x000000077eb00000, 0x00000007c0000000)
  eden space 179712K, 100% used [0x000000076cb00000,0x0000000777a80000,0x0000000777a80000)
  from space 40448K, 71% used [0x000000077a580000,0x000000077c1ecc00,0x000000077cd00000)
  to   space 44032K, 0% used [0x0000000777a80000,0x0000000777a80000,0x000000077a580000)
 ParOldGen       total 178176K, used 44392K [0x00000006c6000000, 0x00000006d0e00000, 0x000000076cb00000)
  object space 178176K, 24% used [0x00000006c6000000,0x00000006c8b5a2c8,0x00000006d0e00000)
 Metaspace       used 41595K, capacity 42496K, committed 42840K, reserved 1087488K
  class space    used 5203K, capacity 5412K, committed 5504K, reserved 1048576K
Event: 1161.605 GC heap after
Heap after GC invocations=9 (full 2):
 PSYoungGen      total 223744K, used 42089K [0x000000076cb00000, 0x0000000784100000, 0x00000007c0000000)
  eden space 179712K, 0% used [0x000000076cb00000,0x000000076cb00000,0x0000000777a80000)
  from space 44032K, 95% used [0x0000000777a80000,0x000000077a39a730,0x000000077a580000)
  to   space 52736K, 0% used [0x0000000780d80000,0x0000000780d80000,0x0000000784100000)
 ParOldGen       total 178176K, used 44400K [0x00000006c6000000, 0x00000006d0e00000, 0x000000076cb00000)
  object space 178176K, 24% used [0x00000006c6000000,0x00000006c8b5c2c8,0x00000006d0e00000)
 Metaspace       used 41595K, capacity 42496K, committed 42840K, reserved 1087488K
  class space    used 5203K, capacity 5412K, committed 5504K, reserved 1048576K
}
Event: 3027.107 GC heap before
{Heap before GC invocations=10 (full 2):
 PSYoungGen      total 223744K, used 221801K [0x000000076cb00000, 0x0000000784100000, 0x00000007c0000000)
  eden space 179712K, 100% used [0x000000076cb00000,0x0000000777a80000,0x0000000777a80000)
  from space 44032K, 95% used [0x0000000777a80000,0x000000077a39a730,0x000000077a580000)
  to   space 52736K, 0% used [0x0000000780d80000,0x0000000780d80000,0x0000000784100000)
 ParOldGen       total 178176K, used 44400K [0x00000006c6000000, 0x00000006d0e00000, 0x000000076cb00000)
  object space 178176K, 24% used [0x00000006c6000000,0x00000006c8b5c2c8,0x00000006d0e00000)
 Metaspace       used 41655K, capacity 42496K, committed 42840K, reserved 1087488K
  class space    used 5206K, capacity 5412K, committed 5504K, reserved 1048576K
Event: 3027.115 GC heap after
Heap after GC invocations=10 (full 2):
 PSYoungGen      total 314880K, used 42071K [0x000000076cb00000, 0x0000000783e80000, 0x00000007c0000000)
  eden space 264704K, 0% used [0x000000076cb00000,0x000000076cb00000,0x000000077cd80000)
  from space 50176K, 83% used [0x0000000780d80000,0x0000000783695f30,0x0000000783e80000)
  to   space 57856K, 0% used [0x000000077cd80000,0x000000077cd80000,0x0000000780600000)
 ParOldGen       total 178176K, used 44408K [0x00000006c6000000, 0x00000006d0e00000, 0x000000076cb00000)
  object space 178176K, 24% used [0x00000006c6000000,0x00000006c8b5e2c8,0x00000006d0e00000)
 Metaspace       used 41655K, capacity 42496K, committed 42840K, reserved 1087488K
  class space    used 5206K, capacity 5412K, committed 5504K, reserved 1048576K
}

